# JRE version: Java(TM) SE Runtime Environment (7.0_51-b13) (build 1.7.0_51-b13)
# Java VM: Java HotSpot(TM) 64-Bit Server VM (24.51-b03 mixed mode windows-amd64 compressed oops)
Heap
 PSYoungGen      total 201728K, used 198605K [0x00000007d5800000, 0x00000007eb200000, 0x0000000800000000)
  eden space 127488K, 97% used [0x00000007d5800000,0x00000007dd175c50,0x00000007dd480000)
  from space 74240K, 99% used [0x00000007e3300000,0x00000007e7b7db20,0x00000007e7b80000)
  to   space 96768K, 6% used [0x00000007dd480000,0x00000007ddb00010,0x00000007e3300000)
 ParOldGen       total 248320K, used 170650K [0x0000000780800000, 0x000000078fa80000, 0x00000007d5800000)
  object space 248320K, 68% used [0x0000000780800000,0x000000078aea6ae8,0x000000078fa80000)
 PSPermGen       total 21504K, used 4370K [0x000000077b600000, 0x000000077cb00000, 0x0000000780800000)
  object space 21504K, 20% used [0x000000077b600000,0x000000077ba44ad8,0x000000077cb00000)
GC Heap History (10 events):
Event: 1.152 GC heap after
Heap after GC invocations=6 (full 1):
 PSYoungGen      total 138240K, used 5120K [0x00000007d5800000, 0x00000007e2b80000, 0x0000000800000000)
  eden space 133120K, 0% used [0x00000007d5800000,0x00000007d5800000,0x00000007dda00000)
  from space 5120K, 100% used [0x00000007dda00000,0x00000007ddf00000,0x00000007ddf00000)
  to   space 37376K, 0% used [0x00000007e0700000,0x00000007e0700000,0x00000007e2b80000)
 ParOldGen       total 128512K, used 92492K [0x0000000780800000, 0x0000000788580000, 0x00000007d5800000)
  object space 128512K, 71% used [0x0000000780800000,0x00000007862532b0,0x0000000788580000)
 PSPermGen       total 21504K, used 4262K [0x000000077b600000, 0x000000077cb00000, 0x0000000780800000)
  object space 21504K, 19% used [0x000000077b600000,0x000000077ba29858,0x000000077cb00000)
}
Event: 1.318 GC heap before
{Heap before GC invocations=7 (full 1):
 PSYoungGen      total 138240K, used 133404K [0x00000007d5800000, 0x00000007e2b80000, 0x0000000800000000)
  eden space 133120K, 96% used [0x00000007d5800000,0x00000007dd547288,0x00000007dda00000)
  from space 5120K, 100% used [0x00000007dda00000,0x00000007ddf00000,0x00000007ddf00000)
  to   space 37376K, 0% used [0x00000007e0700000,0x00000007e0700000,0x00000007e2b80000)
 ParOldGen       total 128512K, used 92492K [0x0000000780800000, 0x0000000788580000, 0x00000007d5800000)
  object space 128512K, 71% used [0x0000000780800000,0x00000007862532b0,0x0000000788580000)
 PSPermGen       total 21504K, used 4287K [0x000000077b600000, 0x000000077cb00000, 0x0000000780800000)
  object space 21504K, 19% used [0x000000077b600000,0x000000077ba2fc38,0x000000077cb00000)
Event: 1.360 GC heap after
Heap after GC invocations=7 (full 1):
 PSYoungGen      total 155136K, used 37348K [0x00000007d5800000, 0x00000007e9580000, 0x0000000800000000)
  eden space 117760K, 0% used [0x00000007d5800000,0x00000007d5800000,0x00000007dcb00000)
  from space 37376K, 99% used [0x00000007e0700000,0x00000007e2b79288,0x00000007e2b80000)
  to   space 61440K, 0% used [0x00000007dcb00000,0x00000007dcb00000,0x00000007e0700000)
 ParOldGen       total 128512K, used 118647K [0x0000000780800000, 0x0000000788580000, 0x00000007d5800000)
  object space 128512K, 92% used [0x0000000780800000,0x0000000787bddc10,0x0000000788580000)
 PSPermGen       total 21504K, used 4287K [0x000000077b600000, 0x000000077cb00000, 0x0000000780800000)
  object space 21504K, 19% used [0x000000077b600000,0x000000077ba2fc38,0x000000077cb00000)
}
Event: 1.360 GC heap before
{Heap before GC invocations=8 (full 2):
 PSYoungGen      total 155136K, used 37348K [0x00000007d5800000, 0x00000007e9580000, 0x0000000800000000)
  eden space 117760K, 0% used [0x00000007d5800000,0x00000007d5800000,0x00000007dcb00000)
  from space 37376K, 99% used [0x00000007e0700000,0x00000007e2b79288,0x00000007e2b80000)
  to   space 61440K, 0% used [0x00000007dcb00000,0x00000007dcb00000,0x00000007e0700000)
 ParOldGen       total 128512K, used 118647K [0x0000000780800000, 0x0000000788580000, 0x00000007d5800000)
  object space 128512K, 92% used [0x0000000780800000,0x0000000787bddc10,0x0000000788580000)
 PSPermGen       total 21504K, used 4287K [0x000000077b600000, 0x000000077cb00000, 0x0000000780800000)
  object space 21504K, 19% used [0x000000077b600000,0x000000077ba2fc38,0x000000077cb00000)
Event: 2.188 GC heap after
Heap after GC invocations=8 (full 2):
 PSYoungGen      total 155136K, used 37329K [0x00000007d5800000, 0x00000007e9580000, 0x0000000800000000)
  eden space 117760K, 0% used [0x00000007d5800000,0x00000007d5800000,0x00000007dcb00000)
  from space 37376K, 99% used [0x00000007e0700000,0x00000007e2b744a8,0x00000007e2b80000)
  to   space 61440K, 0% used [0x00000007dcb00000,0x00000007dcb00000,0x00000007e0700000)
 ParOldGen       total 248320K, used 118204K [0x0000000780800000, 0x000000078fa80000, 0x00000007d5800000)
  object space 248320K, 47% used [0x0000000780800000,0x0000000787b6f190,0x000000078fa80000)
 PSPermGen       total 21504K, used 4287K [0x000000077b600000, 0x000000077cb00000, 0x0000000780800000)
  object space 21504K, 19% used [0x000000077b600000,0x000000077ba2fc18,0x000000077cb00000)
}
Event: 2.303 GC heap before
{Heap before GC invocations=9 (full 2):
 PSYoungGen      total 155136K, used 155089K [0x00000007d5800000, 0x00000007e9580000, 0x0000000800000000)
  eden space 117760K, 100% used [0x00000007d5800000,0x00000007dcb00000,0x00000007dcb00000)
  from space 37376K, 99% used [0x00000007e0700000,0x00000007e2b744a8,0x00000007e2b80000)
  to   space 61440K, 0% used [0x00000007dcb00000,0x00000007dcb00000,0x00000007e0700000)
 ParOldGen       total 248320K, used 118204K [0x0000000780800000, 0x000000078fa80000, 0x00000007d5800000)
  object space 248320K, 47% used [0x0000000780800000,0x0000000787b6f190,0x000000078fa80000)
 PSPermGen       total 21504K, used 4287K [0x000000077b600000, 0x000000077cb00000, 0x0000000780800000)
  object space 21504K, 19% used [0x000000077b600000,0x000000077ba2fe30,0x000000077cb00000)
Event: 2.374 GC heap after
Heap after GC invocations=9 (full 2):
 PSYoungGen      total 179200K, used 59830K [0x00000007d5800000, 0x00000007e7b80000, 0x0000000800000000)
  eden space 117760K, 0% used [0x00000007d5800000,0x00000007d5800000,0x00000007dcb00000)
  from space 61440K, 97% used [0x00000007dcb00000,0x00000007e056db20,0x00000007e0700000)
  to   space 74240K, 0% used [0x00000007e3300000,0x00000007e3300000,0x00000007e7b80000)
 ParOldGen       total 248320K, used 151393K [0x0000000780800000, 0x000000078fa80000, 0x00000007d5800000)
  object space 248320K, 60% used [0x0000000780800000,0x0000000789bd8418,0x000000078fa80000)
 PSPermGen       total 21504K, used 4287K [0x000000077b600000, 0x000000077cb00000, 0x0000000780800000)
  object space 21504K, 19% used [0x000000077b600000,0x000000077ba2fe30,0x000000077cb00000)
}
Event: 2.505 GC heap before
{Heap before GC invocations=10 (full 2):
 PSYoungGen      total 179200K, used 177590K [0x00000007d5800000, 0x00000007e7b80000, 0x0000000800000000)
  eden space 117760K, 100% used [0x00000007d5800000,0x00000007dcb00000,0x00000007dcb00000)
  from space 61440K, 97% used [0x00000007dcb00000,0x00000007e056db20,0x00000007e0700000)
  to   space 74240K, 0% used [0x00000007e3300000,0x00000007e3300000,0x00000007e7b80000)
 ParOldGen       total 248320K, used 151393K [0x0000000780800000, 0x000000078fa80000, 0x00000007d5800000)
  object space 248320K, 60% used [0x0000000780800000,0x0000000789bd8418,0x000000078fa80000)
 PSPermGen       total 21504K, used 4288K [0x000000077b600000, 0x000000077cb00000, 0x0000000780800000)
  object space 21504K, 19% used [0x000000077b600000,0x000000077ba30050,0x000000077cb00000)
Event: 2.611 GC heap after
Heap after GC invocations=10 (full 2):
 PSYoungGen      total 201728K, used 74230K [0x00000007d5800000, 0x00000007eb200000, 0x0000000800000000)
  eden space 127488K, 0% used [0x00000007d5800000,0x00000007d5800000,0x00000007dd480000)
  from space 74240K, 99% used [0x00000007e3300000,0x00000007e7b7db20,0x00000007e7b80000)
  to   space 96768K, 0% used [0x00000007dd480000,0x00000007dd480000,0x00000007e3300000)
 ParOldGen       total 248320K, used 168482K [0x0000000780800000, 0x000000078fa80000, 0x00000007d5800000)
  object space 248320K, 67% used [0x0000000780800000,0x000000078ac889f8,0x000000078fa80000)
 PSPermGen       total 21504K, used 4288K [0x000000077b600000, 0x000000077cb00000, 0x0000000780800000)
  object space 21504K, 19% used [0x000000077b600000,0x000000077ba30050,0x000000077cb00000)
}
Event: 4.335 GC heap before
{Heap before GC invocations=11 (full 2):
 PSYoungGen      total 201728K, used 198605K [0x00000007d5800000, 0x00000007eb200000, 0x0000000800000000)
  eden space 127488K, 97% used [0x00000007d5800000,0x00000007dd175c50,0x00000007dd480000)
  from space 74240K, 99% used [0x00000007e3300000,0x00000007e7b7db20,0x00000007e7b80000)
  to   space 96768K, 0% used [0x00000007dd480000,0x00000007dd480000,0x00000007e3300000)
 ParOldGen       total 248320K, used 168482K [0x0000000780800000, 0x000000078fa80000, 0x00000007d5800000)
  object space 248320K, 67% used [0x0000000780800000,0x000000078ac889f8,0x000000078fa80000)
 PSPermGen       total 21504K, used 4370K [0x000000077b600000, 0x000000077cb00000, 0x0000000780800000)
  object space 21504K, 20% used [0x000000077b600000,0x000000077ba44ad8,0x000000077cb00000)

